<?xml version="1.0" encoding="UTF-8"?>
<testsuite name="com.group.libraryapp.calculator.JunitCalculatorTest" tests="5" skipped="0" failures="0" errors="0" timestamp="2023-09-12T11:48:50" hostname="jeongsang-yun-ui-MacBookAir.local" time="0.04">
  <properties/>
  <testcase name="divideTest()" classname="com.group.libraryapp.calculator.JunitCalculatorTest" time="0.035"/>
  <testcase name="addTest()" classname="com.group.libraryapp.calculator.JunitCalculatorTest" time="0.0"/>
  <testcase name="multiplyTest()" classname="com.group.libraryapp.calculator.JunitCalculatorTest" time="0.0"/>
  <testcase name="divideExceptionTest()" classname="com.group.libraryapp.calculator.JunitCalculatorTest" time="0.004"/>
  <testcase name="minusTest()" classname="com.group.libraryapp.calculator.JunitCalculatorTest" time="0.0"/>
  <system-out><![CDATA[]]></system-out>
  <system-err><![CDATA[]]></system-err>
</testsuite>
